<?xml version="1.0" encoding="UTF-8" standalone="no"?>
<!DOCTYPE log SYSTEM "logger.dtd">
<log>
<record>
  <date>2024-01-22T17:50:07.260114700Z</date>
  <millis>1705945807260</millis>
  <nanos>114700</nanos>
  <sequence>13</sequence>
  <logger>jMetal</logger>
  <level>SEVERE</level>
  <class>org.uma.jmetal.util.JMetalException</class>
  <method>&lt;init&gt;</method>
  <thread>45</thread>
  <message>Error in thread.join()</message>
  <exception>
    <message>java.lang.InterruptedException</message>
    <frame>
      <class>java.lang.Object</class>
      <method>wait</method>
    </frame>
    <frame>
      <class>java.lang.Thread</class>
      <method>join</method>
      <line>1304</line>
    </frame>
    <frame>
      <class>java.lang.Thread</class>
      <method>join</method>
      <line>1372</line>
    </frame>
    <frame>
      <class>org.uma.jmetal.util.AlgorithmRunner$Executor</class>
      <method>execute</method>
      <line>50</line>
    </frame>
    <frame>
      <class>com.nextreleaseproblem.model.ExecutorAlgoritmo</class>
      <method>executeAlgorithm</method>
      <line>104</line>
    </frame>
    <frame>
      <class>com.nextreleaseproblem.controller.ExperimentController</class>
      <method>executeFeaturesExperiment</method>
      <line>198</line>
    </frame>
    <frame>
      <class>com.nextreleaseproblem.controller.ExperimentController</class>
      <method>&lt;init&gt;</method>
      <line>43</line>
    </frame>
    <frame>
      <class>com.nextreleaseproblem.controller.ExecutarExperimentoNRPController</class>
      <method>launch</method>
      <line>183</line>
    </frame>
    <frame>
      <class>com.nextreleaseproblem.controller.ExecutarExperimentoNRPController</class>
      <method>executar</method>
      <line>87</line>
    </frame>
    <frame>
      <class>jdk.internal.reflect.NativeMethodAccessorImpl</class>
      <method>invoke0</method>
    </frame>
    <frame>
      <class>jdk.internal.reflect.NativeMethodAccessorImpl</class>
      <method>invoke</method>
      <line>77</line>
    </frame>
    <frame>
      <class>jdk.internal.reflect.DelegatingMethodAccessorImpl</class>
      <method>invoke</method>
      <line>43</line>
    </frame>
    <frame>
      <class>java.lang.reflect.Method</class>
      <method>invoke</method>
      <line>568</line>
    </frame>
    <frame>
      <class>org.springframework.web.method.support.InvocableHandlerMethod</class>
      <method>doInvoke</method>
      <line>205</line>
    </frame>
    <frame>
      <class>org.springframework.web.method.support.InvocableHandlerMethod</class>
      <method>invokeForRequest</method>
      <line>150</line>
    </frame>
    <frame>
      <class>org.springframework.web.servlet.mvc.method.annotation.ServletInvocableHandlerMethod</class>
      <method>invokeAndHandle</method>
      <line>118</line>
    </frame>
    <frame>
      <class>org.springframework.web.servlet.mvc.method.annotation.RequestMappingHandlerAdapter</class>
      <method>invokeHandlerMethod</method>
      <line>884</line>
    </frame>
    <frame>
      <class>org.springframework.web.servlet.mvc.method.annotation.RequestMappingHandlerAdapter</class>
      <method>handleInternal</method>
      <line>797</line>
    </frame>
    <frame>
      <class>org.springframework.web.servlet.mvc.method.AbstractHandlerMethodAdapter</class>
      <method>handle</method>
      <line>87</line>
    </frame>
    <frame>
      <class>org.springframework.web.servlet.DispatcherServlet</class>
      <method>doDispatch</method>
      <line>1081</line>
    </frame>
    <frame>
      <class>org.springframework.web.servlet.DispatcherServlet</class>
      <method>doService</method>
      <line>974</line>
    </frame>
    <frame>
      <class>org.springframework.web.servlet.FrameworkServlet</class>
      <method>processRequest</method>
      <line>1011</line>
    </frame>
    <frame>
      <class>org.springframework.web.servlet.FrameworkServlet</class>
      <method>doPost</method>
      <line>914</line>
    </frame>
    <frame>
      <class>jakarta.servlet.http.HttpServlet</class>
      <method>service</method>
      <line>590</line>
    </frame>
    <frame>
      <class>org.springframework.web.servlet.FrameworkServlet</class>
      <method>service</method>
      <line>885</line>
    </frame>
    <frame>
      <class>jakarta.servlet.http.HttpServlet</class>
      <method>service</method>
      <line>658</line>
    </frame>
    <frame>
      <class>org.apache.catalina.core.ApplicationFilterChain</class>
      <method>internalDoFilter</method>
      <line>205</line>
    </frame>
    <frame>
      <class>org.apache.catalina.core.ApplicationFilterChain</class>
      <method>doFilter</method>
      <line>149</line>
    </frame>
    <frame>
      <class>org.apache.tomcat.websocket.server.WsFilter</class>
      <method>doFilter</method>
      <line>51</line>
    </frame>
    <frame>
      <class>org.apache.catalina.core.ApplicationFilterChain</class>
      <method>internalDoFilter</method>
      <line>174</line>
    </frame>
    <frame>
      <class>org.apache.catalina.core.ApplicationFilterChain</class>
      <method>doFilter</method>
      <line>149</line>
    </frame>
    <frame>
      <class>org.springframework.web.filter.RequestContextFilter</class>
      <method>doFilterInternal</method>
      <line>100</line>
    </frame>
    <frame>
      <class>org.springframework.web.filter.OncePerRequestFilter</class>
      <method>doFilter</method>
      <line>116</line>
    </frame>
    <frame>
      <class>org.apache.catalina.core.ApplicationFilterChain</class>
      <method>internalDoFilter</method>
      <line>174</line>
    </frame>
    <frame>
      <class>org.apache.catalina.core.ApplicationFilterChain</class>
      <method>doFilter</method>
      <line>149</line>
    </frame>
    <frame>
      <class>org.springframework.web.filter.FormContentFilter</class>
      <method>doFilterInternal</method>
      <line>93</line>
    </frame>
    <frame>
      <class>org.springframework.web.filter.OncePerRequestFilter</class>
      <method>doFilter</method>
      <line>116</line>
    </frame>
    <frame>
      <class>org.apache.catalina.core.ApplicationFilterChain</class>
      <method>internalDoFilter</method>
      <line>174</line>
    </frame>
    <frame>
      <class>org.apache.catalina.core.ApplicationFilterChain</class>
      <method>doFilter</method>
      <line>149</line>
    </frame>
    <frame>
      <class>org.springframework.web.filter.CharacterEncodingFilter</class>
      <method>doFilterInternal</method>
      <line>201</line>
    </frame>
    <frame>
      <class>org.springframework.web.filter.OncePerRequestFilter</class>
      <method>doFilter</method>
      <line>116</line>
    </frame>
    <frame>
      <class>org.apache.catalina.core.ApplicationFilterChain</class>
      <method>internalDoFilter</method>
      <line>174</line>
    </frame>
    <frame>
      <class>org.apache.catalina.core.ApplicationFilterChain</class>
      <method>doFilter</method>
      <line>149</line>
    </frame>
    <frame>
      <class>org.apache.catalina.core.StandardWrapperValve</class>
      <method>invoke</method>
      <line>167</line>
    </frame>
    <frame>
      <class>org.apache.catalina.core.StandardContextValve</class>
      <method>invoke</method>
      <line>90</line>
    </frame>
    <frame>
      <class>org.apache.catalina.authenticator.AuthenticatorBase</class>
      <method>invoke</method>
      <line>482</line>
    </frame>
    <frame>
      <class>org.apache.catalina.core.StandardHostValve</class>
      <method>invoke</method>
      <line>115</line>
    </frame>
    <frame>
      <class>org.apache.catalina.valves.ErrorReportValve</class>
      <method>invoke</method>
      <line>93</line>
    </frame>
    <frame>
      <class>org.apache.catalina.core.StandardEngineValve</class>
      <method>invoke</method>
      <line>74</line>
    </frame>
    <frame>
      <class>org.apache.catalina.connector.CoyoteAdapter</class>
      <method>service</method>
      <line>341</line>
    </frame>
    <frame>
      <class>org.apache.coyote.http11.Http11Processor</class>
      <method>service</method>
      <line>391</line>
    </frame>
    <frame>
      <class>org.apache.coyote.AbstractProcessorLight</class>
      <method>process</method>
      <line>63</line>
    </frame>
    <frame>
      <class>org.apache.coyote.AbstractProtocol$ConnectionHandler</class>
      <method>process</method>
      <line>894</line>
    </frame>
    <frame>
      <class>org.apache.tomcat.util.net.NioEndpoint$SocketProcessor</class>
      <method>doRun</method>
      <line>1740</line>
    </frame>
    <frame>
      <class>org.apache.tomcat.util.net.SocketProcessorBase</class>
      <method>run</method>
      <line>52</line>
    </frame>
    <frame>
      <class>org.apache.tomcat.util.threads.ThreadPoolExecutor</class>
      <method>runWorker</method>
      <line>1191</line>
    </frame>
    <frame>
      <class>org.apache.tomcat.util.threads.ThreadPoolExecutor$Worker</class>
      <method>run</method>
      <line>659</line>
    </frame>
    <frame>
      <class>org.apache.tomcat.util.threads.TaskThread$WrappingRunnable</class>
      <method>run</method>
      <line>61</line>
    </frame>
    <frame>
      <class>java.lang.Thread</class>
      <method>run</method>
      <line>833</line>
    </frame>
  </exception>
</record>
